Arguments: 
  C:\Program Files\nodejs\node.exe C:\Users\TBurger\scoop\apps\yarn\current\Yarn\bin\yarn.js init

PATH: 
  C:\Program Files\Docker\Docker\Resources\bin;C:\Program Files\CMake\bin;C:\ProgramData\Oracle\Java\javapath;C:\windows\system32;C:\windows;C:\windows\System32\Wbem;C:\windows\System32\WindowsPowerShell\v1.0\;C:\Program Files\Microsoft SQL Server\130\Tools\Binn\;C:\Program Files\Microsoft\Web Platform Installer\;C:\Program Files (x86)\Microsoft Emulator Manager\1.0\;C:\Program Files (x86)\LINQPad5;C:\Program Files\Microsoft SQL Server\120\Tools\Binn\;C:\Program Files (x86)\Common Files\Adobe\AGL;C:\Program Files (x86)\Windows Kits\10\Windows Performance Toolkit\;C:\Program Files (x86)\Microsoft SQL Server\Client SDK\ODBC\130\Tools\Binn\;C:\Program Files (x86)\Microsoft SQL Server\140\Tools\Binn\;C:\Program Files (x86)\Microsoft SQL Server\140\DTS\Binn\;C:\Program Files (x86)\Microsoft SQL Server\140\Tools\Binn\ManagementStudio\;C:\ProgramData\chocolatey\bin;C:\Program Files (x86)\Skype\Phone\;C:\Program Files\dotnet\;C:\WINDOWS\system32;C:\WINDOWS;C:\WINDOWS\System32\Wbem;C:\WINDOWS\System32\WindowsPowerShell\v1.0\;C:\Program Files\Microsoft SQL Server\110\Tools\Binn\;C:\Program Files (x86)\Microsoft SDKs\TypeScript\1.0\;C:\Program Files\nodejs\;C:\Users\TBurger\scoop\apps\openssl\current\bin;C:\Users\TBurger\scoop\apps\yarn\current\Yarn\bin;C:\Users\TBurger\scoop\apps\yarn\current\bin;C:\Users\TBurger\scoop\apps\ruby\current\gems\bin;C:\Users\TBurger\scoop\apps\ruby\current\bin;C:\Users\TBurger\scoop\apps\python27\current\scripts;C:\Users\TBurger\scoop\apps\postgresql\current\bin;C:\Users\TBurger\scoop\apps\go\current\bin;C:\Users\TBurger\go\bin;C:\Users\TBurger\scoop\apps\composer\current\home\vendor\bin;C:\Program Files (x86)\Elm Platform\0.18\bin;C:\Users\TBurger\scoop\shims;C:\Users\TBurger\AppData\Local\Microsoft\WindowsApps;C:\Program Files (x86)\Microsoft VS Code\bin;C:\Users\TBurger\AppData\Local\GitHub\PortableGit_f02737a78695063deace08e96d5042710d3e32db\cmd;C:\Bin;C:\Program Files (x86)\MSBuild\14.0\Bin;C:\Program Files (x86)\Microsoft SDKs\F#\4.1\Framework\v4.0\;C:\Users\TBurger\AppData\Local\Microsoft\WindowsApps;C:\Users\TBurger\AppData\Local\Programs\Fiddler;C:\Users\TBurger\AppData\Roaming\npm;C:\Program Files (x86)\Oni

Yarn version: 
  1.3.2

Node version: 
  8.8.1

Platform: 
  win32 x64

npm manifest: 
  No manifest

yarn manifest: 
  No manifest

Lockfile: 
  No lockfile

Trace: 
  Error: canceled
      at Interface.<anonymous> (C:\Users\TBurger\scoop\apps\yarn\1.3.2\Yarn\lib\cli.js:121045:13)
      at emitNone (events.js:105:13)
      at Interface.emit (events.js:207:7)
      at Interface._ttyWrite (readline.js:775:16)
      at ReadStream.onkeypress (readline.js:160:10)
      at emitTwo (events.js:125:13)
      at ReadStream.emit (events.js:213:7)
      at emitKeys (internal/readline.js:420:14)
      at emitKeys.next (<anonymous>)
      at ReadStream.onData (readline.js:1011:36)
